connect: Login in school@ru, 
send: Send to test@test from school@ru, subject Subject Test, message Text Test, 
disconnect: Exit school@ru
connect: Login in school@ru, 
send: Send to test@test from school@ru, subject Subject Test, message Text Test, 
disconnect: Exit school@ru
connect: Login in school@ru, 
send: Send to test@test from school@ru, subject Subject Test, message Text Test, 
disconnect: Exit school@ru
connect: Login in school@ru, 
send: Send to test@test from school@ru, subject Subject Test, message Text Test, 
disconnect: Exit school@ru
connect: Login in school@ru, 
send: Send to test@test from school@ru, subject Subject Test, message Text Test, 
disconnect: Exit school@ru
connect: Login in languageSchool@gmail.com, 
send: Send to mama@h from languageSchool@gmail.com, subject Pay course, message Congratulations!You paid for the order number 1., 
disconnect: Exit languageSchool@gmail.com
connect: Connect with number 500, 
send: Send to 9009 from 500, subject Pay course, message Congratulations!You paid for the order number 1., 
disconnect: None
connect: Login in school@ru, 
send: Send to test@test from school@ru, subject Subject Test, message Text Test, 
disconnect: Exit school@ru
connect: Login in languageSchool@gmail.com, 
send: Send to mama@h from languageSchool@gmail.com, subject Pay course, message Congratulations!You paid for the order number 1., 
disconnect: Exit languageSchool@gmail.com
connect: Connect with number 500, 
send: Send to 9009 from 500, subject Pay course, message Congratulations!You paid for the order number 1., 
disconnect: None
